<?xml version="1.0" encoding="utf-8"?><testsuites name="pytest tests"><testsuite name="pytest" errors="0" failures="0" skipped="0" tests="28" time="11.021" timestamp="2026-04-09T20:31:02.980886+00:00" hostname="agent-env-ebd1d2c7-da6f-49af-bc6a-f7a6b4db085f"><testcase classname="backend.tests.test_dashboard_api_v2.TestStatusEndpoint" name="test_status_returns_200" time="0.176" /><testcase classname="backend.tests.test_dashboard_api_v2.TestStatusEndpoint" name="test_status_has_required_fields" time="0.115" /><testcase classname="backend.tests.test_dashboard_api_v2.TestStatusEndpoint" name="test_status_bot_connected" time="0.118" /><testcase classname="backend.tests.test_dashboard_api_v2.TestStatusEndpoint" name="test_status_runtime_stats" time="0.127" /><testcase classname="backend.tests.test_dashboard_api_v2.TestGroupsEndpoint" name="test_groups_returns_200" time="0.212" /><testcase classname="backend.tests.test_dashboard_api_v2.TestGroupsEndpoint" name="test_groups_returns_7_groups" time="0.210" /><testcase classname="backend.tests.test_dashboard_api_v2.TestGroupsEndpoint" name="test_groups_have_required_fields" time="0.214" /><testcase classname="backend.tests.test_dashboard_api_v2.TestCommandsCategorizedEndpoint" name="test_commands_categorized_returns_200" time="0.122" /><testcase classname="backend.tests.test_dashboard_api_v2.TestCommandsCategorizedEndpoint" name="test_commands_categorized_returns_23_categories" time="0.127" /><testcase classname="backend.tests.test_dashboard_api_v2.TestCommandsCategorizedEndpoint" name="test_commands_categorized_has_expected_categories" time="0.127" /><testcase classname="backend.tests.test_dashboard_api_v2.TestAIGenerateCommandEndpoint" name="test_ai_generate_returns_200" time="3.400" /><testcase classname="backend.tests.test_dashboard_api_v2.TestAIGenerateCommandEndpoint" name="test_ai_generate_returns_code" time="1.167" /><testcase classname="backend.tests.test_dashboard_api_v2.TestAIGenerateCommandEndpoint" name="test_ai_generate_uses_gemini_3_flash" time="1.718" /><testcase classname="backend.tests.test_dashboard_api_v2.TestAIGenerateCommandEndpoint" name="test_ai_generate_code_has_module_structure" time="1.316" /><testcase classname="backend.tests.test_dashboard_api_v2.TestAIGenerateCommandEndpoint" name="test_ai_generate_empty_description_error" time="0.118" /><testcase classname="backend.tests.test_dashboard_api_v2.TestAISaveCommandEndpoint" name="test_ai_save_returns_200" time="0.116" /><testcase classname="backend.tests.test_dashboard_api_v2.TestAISaveCommandEndpoint" name="test_ai_save_creates_file" time="0.125" /><testcase classname="backend.tests.test_dashboard_api_v2.TestAISaveCommandEndpoint" name="test_ai_save_missing_fields_error" time="0.146" /><testcase classname="backend.tests.test_dashboard_api_v2.TestConfigEndpoint" name="test_config_returns_200" time="0.105" /><testcase classname="backend.tests.test_dashboard_api_v2.TestConfigEndpoint" name="test_config_has_required_fields" time="0.119" /><testcase classname="backend.tests.test_dashboard_api_v2.TestConfigEndpoint" name="test_config_bot_name" time="0.124" /><testcase classname="backend.tests.test_dashboard_api_v2.TestPluginsEndpoint" name="test_plugins_returns_200" time="0.127" /><testcase classname="backend.tests.test_dashboard_api_v2.TestPluginsEndpoint" name="test_plugins_returns_list" time="0.130" /><testcase classname="backend.tests.test_dashboard_api_v2.TestPluginsEndpoint" name="test_plugins_have_required_fields" time="0.124" /><testcase classname="backend.tests.test_dashboard_api_v2.TestRuntimeStatsEndpoint" name="test_runtime_stats_returns_200" time="0.121" /><testcase classname="backend.tests.test_dashboard_api_v2.TestRuntimeStatsEndpoint" name="test_runtime_stats_has_fields" time="0.121" /><testcase classname="backend.tests.test_dashboard_api_v2.TestHealthEndpoint" name="test_health_returns_200" time="0.146" /><testcase classname="backend.tests.test_dashboard_api_v2.TestHealthEndpoint" name="test_health_status_ok" time="0.145" /></testsuite></testsuites>