<?xml version="1.0" encoding="utf-8"?><testsuites name="pytest tests"><testsuite name="pytest" errors="0" failures="0" skipped="0" tests="20" time="11.161" timestamp="2026-04-09T18:22:26.899239+00:00" hostname="agent-env-ebd1d2c7-da6f-49af-bc6a-f7a6b4db085f"><testcase classname="backend.tests.test_dashboard_api.TestStatusEndpoint" name="test_status_returns_200" time="0.003" /><testcase classname="backend.tests.test_dashboard_api.TestStatusEndpoint" name="test_status_returns_required_fields" time="0.002" /><testcase classname="backend.tests.test_dashboard_api.TestCommandsEndpoint" name="test_commands_returns_200" time="0.010" /><testcase classname="backend.tests.test_dashboard_api.TestCommandsEndpoint" name="test_commands_returns_list" time="0.009" /><testcase classname="backend.tests.test_dashboard_api.TestCommandsEndpoint" name="test_command_structure" time="0.009" /><testcase classname="backend.tests.test_dashboard_api.TestCategorizedCommandsEndpoint" name="test_categorized_returns_200" time="0.007" /><testcase classname="backend.tests.test_dashboard_api.TestCategorizedCommandsEndpoint" name="test_categorized_returns_categories" time="0.007" /><testcase classname="backend.tests.test_dashboard_api.TestGroupsEndpoint" name="test_groups_returns_200" time="0.002" /><testcase classname="backend.tests.test_dashboard_api.TestGroupsEndpoint" name="test_groups_returns_list" time="0.001" /><testcase classname="backend.tests.test_dashboard_api.TestAIGenerateCommandEndpoint" name="test_ai_generate_returns_200" time="5.971" /><testcase classname="backend.tests.test_dashboard_api.TestAIGenerateCommandEndpoint" name="test_ai_generate_returns_code" time="4.951" /><testcase classname="backend.tests.test_dashboard_api.TestAIGenerateCommandEndpoint" name="test_ai_generate_requires_description" time="0.002" /><testcase classname="backend.tests.test_dashboard_api.TestConfigEndpoint" name="test_config_returns_200" time="0.002" /><testcase classname="backend.tests.test_dashboard_api.TestConfigEndpoint" name="test_config_returns_settings" time="0.002" /><testcase classname="backend.tests.test_dashboard_api.TestPluginsEndpoint" name="test_plugins_returns_200" time="0.006" /><testcase classname="backend.tests.test_dashboard_api.TestPluginsEndpoint" name="test_plugins_returns_list" time="0.005" /><testcase classname="backend.tests.test_dashboard_api.TestRuntimeStatsEndpoint" name="test_runtime_stats_returns_200" time="0.002" /><testcase classname="backend.tests.test_dashboard_api.TestRuntimeStatsEndpoint" name="test_runtime_stats_returns_data" time="0.002" /><testcase classname="backend.tests.test_dashboard_api.TestTestProgressEndpoint" name="test_test_progress_returns_200" time="0.003" /><testcase classname="backend.tests.test_dashboard_api.TestTestProgressEndpoint" name="test_test_progress_returns_status" time="0.004" /></testsuite></testsuites>